[debug] [2023-08-23T23:08:15.974Z] ----------------------------------------------------------------------
[debug] [2023-08-23T23:08:15.975Z] Command:       /Users/sean/.nvm/versions/node/v20.3.1/bin/node /Users/sean/.nvm/versions/node/v20.3.1/bin/firebase deploy
[debug] [2023-08-23T23:08:15.975Z] CLI Version:   12.4.8
[debug] [2023-08-23T23:08:15.975Z] Platform:      darwin
[debug] [2023-08-23T23:08:15.976Z] Node Version:  v20.3.1
[debug] [2023-08-23T23:08:15.976Z] Time:          Wed Aug 23 2023 19:08:15 GMT-0400 (Eastern Daylight Time)
[debug] [2023-08-23T23:08:15.976Z] ----------------------------------------------------------------------
[debug] 
[debug] [2023-08-23T23:08:16.009Z] > command requires scopes: ["email","openid","https://www.googleapis.com/auth/cloudplatformprojects.readonly","https://www.googleapis.com/auth/firebase","https://www.googleapis.com/auth/cloud-platform"]
[debug] [2023-08-23T23:08:16.009Z] > authorizing via signed-in user (seandemeritt13@gmail.com)
[debug] [2023-08-23T23:08:16.009Z] [iam] checking project switter-c8c87 for permissions ["cloudfunctions.functions.create","cloudfunctions.functions.delete","cloudfunctions.functions.get","cloudfunctions.functions.list","cloudfunctions.functions.update","cloudfunctions.operations.get","firebase.projects.get","firebasehosting.sites.update","firebaserules.releases.create","firebaserules.releases.update","firebaserules.rulesets.create"]
[debug] [2023-08-23T23:08:16.010Z] >>> [apiv2][query] POST https://cloudresourcemanager.googleapis.com/v1/projects/switter-c8c87:testIamPermissions [none]
[debug] [2023-08-23T23:08:16.010Z] >>> [apiv2][(partial)header] POST https://cloudresourcemanager.googleapis.com/v1/projects/switter-c8c87:testIamPermissions x-goog-quota-user=projects/switter-c8c87
[debug] [2023-08-23T23:08:16.010Z] >>> [apiv2][body] POST https://cloudresourcemanager.googleapis.com/v1/projects/switter-c8c87:testIamPermissions {"permissions":["cloudfunctions.functions.create","cloudfunctions.functions.delete","cloudfunctions.functions.get","cloudfunctions.functions.list","cloudfunctions.functions.update","cloudfunctions.operations.get","firebase.projects.get","firebasehosting.sites.update","firebaserules.releases.create","firebaserules.releases.update","firebaserules.rulesets.create"]}
[debug] [2023-08-23T23:08:16.276Z] <<< [apiv2][status] POST https://cloudresourcemanager.googleapis.com/v1/projects/switter-c8c87:testIamPermissions 200
[debug] [2023-08-23T23:08:16.277Z] <<< [apiv2][body] POST https://cloudresourcemanager.googleapis.com/v1/projects/switter-c8c87:testIamPermissions {"permissions":["cloudfunctions.functions.create","cloudfunctions.functions.delete","cloudfunctions.functions.get","cloudfunctions.functions.list","cloudfunctions.functions.update","cloudfunctions.operations.get","firebase.projects.get","firebasehosting.sites.update","firebaserules.releases.create","firebaserules.releases.update","firebaserules.rulesets.create"]}
[debug] [2023-08-23T23:08:16.277Z] >>> [apiv2][query] POST https://iam.googleapis.com/v1/projects/switter-c8c87/serviceAccounts/switter-c8c87@appspot.gserviceaccount.com:testIamPermissions [none]
[debug] [2023-08-23T23:08:16.278Z] >>> [apiv2][body] POST https://iam.googleapis.com/v1/projects/switter-c8c87/serviceAccounts/switter-c8c87@appspot.gserviceaccount.com:testIamPermissions {"permissions":["iam.serviceAccounts.actAs"]}
[debug] [2023-08-23T23:08:16.440Z] <<< [apiv2][status] POST https://iam.googleapis.com/v1/projects/switter-c8c87/serviceAccounts/switter-c8c87@appspot.gserviceaccount.com:testIamPermissions 200
[debug] [2023-08-23T23:08:16.441Z] <<< [apiv2][body] POST https://iam.googleapis.com/v1/projects/switter-c8c87/serviceAccounts/switter-c8c87@appspot.gserviceaccount.com:testIamPermissions {"permissions":["iam.serviceAccounts.actAs"]}
[debug] [2023-08-23T23:08:16.441Z] >>> [apiv2][query] GET https://firebase.googleapis.com/v1beta1/projects/switter-c8c87 [none]
[debug] [2023-08-23T23:08:16.705Z] <<< [apiv2][status] GET https://firebase.googleapis.com/v1beta1/projects/switter-c8c87 200
[debug] [2023-08-23T23:08:16.705Z] <<< [apiv2][body] GET https://firebase.googleapis.com/v1beta1/projects/switter-c8c87 {"projectId":"switter-c8c87","projectNumber":"865202535032","displayName":"switter","name":"projects/switter-c8c87","resources":{"hostingSite":"switter-c8c87","storageBucket":"switter-c8c87.appspot.com","locationId":"us-central"},"state":"ACTIVE","etag":"1_f1589cbb-a05d-4649-bed8-62819ce8e4c3"}
[debug] [2023-08-23T23:08:17.713Z] >>> [apiv2][query] GET https://firebasehosting.googleapis.com/v1beta1/projects/switter-c8c87/sites pageToken=&pageSize=10
[debug] [2023-08-23T23:08:18.279Z] <<< [apiv2][status] GET https://firebasehosting.googleapis.com/v1beta1/projects/switter-c8c87/sites 200
[debug] [2023-08-23T23:08:18.279Z] <<< [apiv2][body] GET https://firebasehosting.googleapis.com/v1beta1/projects/switter-c8c87/sites {"sites":[{"name":"projects/switter-c8c87/sites/switter-c8c87","defaultUrl":"https://switter-c8c87.web.app","appId":"1:865202535032:web:5cb519334a835bff940b8d","type":"DEFAULT_SITE"}]}
[debug] [2023-08-23T23:08:18.280Z] >>> [apiv2][query] GET https://firebase.googleapis.com/v1beta1/projects/-/webApps/1:865202535032:web:5cb519334a835bff940b8d/config [none]
[debug] [2023-08-23T23:08:18.725Z] <<< [apiv2][status] GET https://firebase.googleapis.com/v1beta1/projects/-/webApps/1:865202535032:web:5cb519334a835bff940b8d/config 200
[debug] [2023-08-23T23:08:18.725Z] <<< [apiv2][body] GET https://firebase.googleapis.com/v1beta1/projects/-/webApps/1:865202535032:web:5cb519334a835bff940b8d/config {"projectId":"switter-c8c87","appId":"1:865202535032:web:5cb519334a835bff940b8d","storageBucket":"switter-c8c87.appspot.com","locationId":"us-central","apiKey":"AIzaSyDyxYCVc7Q9iS0f7udYiscLrGbcjxA4ccg","authDomain":"switter-c8c87.firebaseapp.com","messagingSenderId":"865202535032","measurementId":"G-W3D2KDNHQ3"}
[info] 
   Thank you for trying our experimental support for SvelteKit on Firebase Hosting.
   While this integration is maintained by Googlers it is not a supported Firebase product.
   Issues filed on GitHub will be addressed on a best-effort basis by maintainers and other community members.

   Documentation: https://firebase.google.com/docs/hosting/frameworks/frameworks-overview
   File a bug: https://github.com/firebase/firebase-tools/issues/new?template=bug_report.md
   Submit a feature request: https://github.com/firebase/firebase-tools/issues/new?template=feature_request.md

   We'd love to learn from you. Express your interest in helping us shape the future of Firebase Hosting: https://goo.gle/41enW5X

